:	20180422T042028 0.000438	[0]	Hello from MolSim for PSE!
:	20180422T042028 0.001568	[0]	Read setting-file...
:	20180422T042028 0.097928	[0]	Read input files:
:	20180422T042028 0.098256	[0]	Read input/liquid.xml...
:	20180422T042028 0.313623	[0]	Total number: 18144
:	20180422T042850 502.312257	[0]	Plot iteration 200
:	20180422T043750 1042.082993	[0]	Plot iteration 400
:	20180422T044621 1553.382381	[0]	Plot iteration 600
:	20180422T045447 2059.036621	[0]	Plot iteration 800
:	20180422T050303 2555.328128	[0]	Plot iteration 1000
:	20180422T051120 3052.410371	[0]	Plot iteration 1200
:	20180422T051931 3543.192661	[0]	Plot iteration 1400
:	20180422T052732 4024.827422	[0]	Plot iteration 1600
:	20180422T053553 4525.301288	[0]	Plot iteration 1800
:	20180422T054347 4999.237922	[0]	Plot iteration 2000
:	20180422T055104 5436.140824	[0]	Plot iteration 2200
:	20180422T055756 5848.528091	[0]	Plot iteration 2400
:	20180422T060424 6236.160004	[0]	Plot iteration 2600
:	20180422T061026 6598.468036	[0]	Plot iteration 2800
:	20180422T061835 7087.483077	[0]	Plot iteration 3000
:	20180422T062332 7384.302468	[0]	Plot iteration 3200
:	20180422T062456 7468.859206	[0]	Plot iteration 3400
