Determining if the pthread_create exist failed with the following output:
Change Dir: /home/raffi/Documents/Bachelorarbeit/molsim/CMakeFiles/CMakeTmp

Run Build Command:"/usr/bin/make" "cmTC_45d4d/fast"
/usr/bin/make -f CMakeFiles/cmTC_45d4d.dir/build.make CMakeFiles/cmTC_45d4d.dir/build
make[1]: Entering directory '/home/raffi/Documents/Bachelorarbeit/molsim/CMakeFiles/CMakeTmp'
Building C object CMakeFiles/cmTC_45d4d.dir/CheckSymbolExists.c.o
/usr/bin/cc     -o CMakeFiles/cmTC_45d4d.dir/CheckSymbolExists.c.o   -c /home/raffi/Documents/Bachelorarbeit/molsim/CMakeFiles/CMakeTmp/CheckSymbolExists.c
Linking C executable cmTC_45d4d
/usr/bin/cmake -E cmake_link_script CMakeFiles/cmTC_45d4d.dir/link.txt --verbose=1
/usr/bin/cc       CMakeFiles/cmTC_45d4d.dir/CheckSymbolExists.c.o  -o cmTC_45d4d -rdynamic 
CMakeFiles/cmTC_45d4d.dir/CheckSymbolExists.c.o: In function `main':
CheckSymbolExists.c:(.text+0x16): undefined reference to `pthread_create'
collect2: error: ld returned 1 exit status
CMakeFiles/cmTC_45d4d.dir/build.make:97: recipe for target 'cmTC_45d4d' failed
make[1]: *** [cmTC_45d4d] Error 1
make[1]: Leaving directory '/home/raffi/Documents/Bachelorarbeit/molsim/CMakeFiles/CMakeTmp'
Makefile:126: recipe for target 'cmTC_45d4d/fast' failed
make: *** [cmTC_45d4d/fast] Error 2

File /home/raffi/Documents/Bachelorarbeit/molsim/CMakeFiles/CMakeTmp/CheckSymbolExists.c:
/* */
#include <pthread.h>

int main(int argc, char** argv)
{
  (void)argv;
#ifndef pthread_create
  return ((int*)(&pthread_create))[argc];
#else
  (void)argc;
  return 0;
#endif
}

Determining if the function pthread_create exists in the pthreads failed with the following output:
Change Dir: /home/raffi/Documents/Bachelorarbeit/molsim/CMakeFiles/CMakeTmp

Run Build Command:"/usr/bin/make" "cmTC_0df93/fast"
/usr/bin/make -f CMakeFiles/cmTC_0df93.dir/build.make CMakeFiles/cmTC_0df93.dir/build
make[1]: Entering directory '/home/raffi/Documents/Bachelorarbeit/molsim/CMakeFiles/CMakeTmp'
Building C object CMakeFiles/cmTC_0df93.dir/CheckFunctionExists.c.o
/usr/bin/cc    -DCHECK_FUNCTION_EXISTS=pthread_create   -o CMakeFiles/cmTC_0df93.dir/CheckFunctionExists.c.o   -c /usr/share/cmake-3.5/Modules/CheckFunctionExists.c
Linking C executable cmTC_0df93
/usr/bin/cmake -E cmake_link_script CMakeFiles/cmTC_0df93.dir/link.txt --verbose=1
/usr/bin/cc   -DCHECK_FUNCTION_EXISTS=pthread_create    CMakeFiles/cmTC_0df93.dir/CheckFunctionExists.c.o  -o cmTC_0df93 -rdynamic -lpthreads 
/usr/bin/ld: cannot find -lpthreads
collect2: error: ld returned 1 exit status
CMakeFiles/cmTC_0df93.dir/build.make:97: recipe for target 'cmTC_0df93' failed
make[1]: *** [cmTC_0df93] Error 1
make[1]: Leaving directory '/home/raffi/Documents/Bachelorarbeit/molsim/CMakeFiles/CMakeTmp'
Makefile:126: recipe for target 'cmTC_0df93/fast' failed
make: *** [cmTC_0df93/fast] Error 2


Determining if the pthread_create exist failed with the following output:
Change Dir: /home/raffi/Documents/Bachelorarbeit/AutoPas/CMakeFiles/CMakeTmp

Run Build Command:"/usr/bin/make" "cmTC_60008/fast"
/usr/bin/make -f CMakeFiles/cmTC_60008.dir/build.make CMakeFiles/cmTC_60008.dir/build
make[1]: Entering directory '/home/raffi/Documents/Bachelorarbeit/AutoPas/CMakeFiles/CMakeTmp'
Building C object CMakeFiles/cmTC_60008.dir/CheckSymbolExists.c.o
/usr/bin/cc     -o CMakeFiles/cmTC_60008.dir/CheckSymbolExists.c.o   -c /home/raffi/Documents/Bachelorarbeit/AutoPas/CMakeFiles/CMakeTmp/CheckSymbolExists.c
Linking C executable cmTC_60008
/usr/bin/cmake -E cmake_link_script CMakeFiles/cmTC_60008.dir/link.txt --verbose=1
/usr/bin/cc       CMakeFiles/cmTC_60008.dir/CheckSymbolExists.c.o  -o cmTC_60008 -rdynamic 
CMakeFiles/cmTC_60008.dir/CheckSymbolExists.c.o: In function `main':
CheckSymbolExists.c:(.text+0x16): undefined reference to `pthread_create'
collect2: error: ld returned 1 exit status
CMakeFiles/cmTC_60008.dir/build.make:97: recipe for target 'cmTC_60008' failed
make[1]: *** [cmTC_60008] Error 1
make[1]: Leaving directory '/home/raffi/Documents/Bachelorarbeit/AutoPas/CMakeFiles/CMakeTmp'
Makefile:126: recipe for target 'cmTC_60008/fast' failed
make: *** [cmTC_60008/fast] Error 2

File /home/raffi/Documents/Bachelorarbeit/AutoPas/CMakeFiles/CMakeTmp/CheckSymbolExists.c:
/* */
#include <pthread.h>

int main(int argc, char** argv)
{
  (void)argv;
#ifndef pthread_create
  return ((int*)(&pthread_create))[argc];
#else
  (void)argc;
  return 0;
#endif
}

Determining if the function pthread_create exists in the pthreads failed with the following output:
Change Dir: /home/raffi/Documents/Bachelorarbeit/AutoPas/CMakeFiles/CMakeTmp

Run Build Command:"/usr/bin/make" "cmTC_dbcde/fast"
/usr/bin/make -f CMakeFiles/cmTC_dbcde.dir/build.make CMakeFiles/cmTC_dbcde.dir/build
make[1]: Entering directory '/home/raffi/Documents/Bachelorarbeit/AutoPas/CMakeFiles/CMakeTmp'
Building C object CMakeFiles/cmTC_dbcde.dir/CheckFunctionExists.c.o
/usr/bin/cc    -DCHECK_FUNCTION_EXISTS=pthread_create   -o CMakeFiles/cmTC_dbcde.dir/CheckFunctionExists.c.o   -c /usr/share/cmake-3.5/Modules/CheckFunctionExists.c
Linking C executable cmTC_dbcde
/usr/bin/cmake -E cmake_link_script CMakeFiles/cmTC_dbcde.dir/link.txt --verbose=1
/usr/bin/cc   -DCHECK_FUNCTION_EXISTS=pthread_create    CMakeFiles/cmTC_dbcde.dir/CheckFunctionExists.c.o  -o cmTC_dbcde -rdynamic -lpthreads 
/usr/bin/ld: cannot find -lpthreads
collect2: error: ld returned 1 exit status
CMakeFiles/cmTC_dbcde.dir/build.make:97: recipe for target 'cmTC_dbcde' failed
make[1]: *** [cmTC_dbcde] Error 1
make[1]: Leaving directory '/home/raffi/Documents/Bachelorarbeit/AutoPas/CMakeFiles/CMakeTmp'
Makefile:126: recipe for target 'cmTC_dbcde/fast' failed
make: *** [cmTC_dbcde/fast] Error 2


